0 info it worked if it ends with ok
<<<<<<< HEAD
1 verbose cli [ '/usr/local/bin/node', '/usr/local/bin/npm', 'run', 'seed' ]
2 info using npm@4.0.5
3 info using node@v7.4.0
4 verbose config Skipping project config: /Users/marcllopis/.npmrc. (matches userconfig)
5 verbose stack Error: ENOENT: no such file or directory, open '/Users/marcllopis/package.json'
6 verbose cwd /Users/marcllopis/Desktop/ithelp/ithelp
7 error Darwin 16.4.0
8 error argv "/usr/local/bin/node" "/usr/local/bin/npm" "run" "seed"
9 error node v7.4.0
10 error npm  v4.0.5
11 error path /Users/marcllopis/package.json
12 error code ENOENT
13 error errno -2
14 error syscall open
15 error enoent ENOENT: no such file or directory, open '/Users/marcllopis/package.json'
16 error enoent ENOENT: no such file or directory, open '/Users/marcllopis/package.json'
16 error enoent This is most likely not a problem with npm itself
16 error enoent and is related to npm not being able to find a file.
17 verbose exit [ -2, true ]
=======
1 verbose cli [ '/usr/local/bin/node', '/usr/local/bin/npm', 'start' ]
2 info using npm@3.10.10
3 info using node@v6.9.4
4 verbose stack Error: ENOENT: no such file or directory, open '/Users/michielbarnaart/Desktop/ithelper/package.json'
4 verbose stack     at Error (native)
5 verbose cwd /Users/michielbarnaart/Desktop/ithelper
6 error Darwin 16.3.0
7 error argv "/usr/local/bin/node" "/usr/local/bin/npm" "start"
8 error node v6.9.4
9 error npm  v3.10.10
10 error path /Users/michielbarnaart/Desktop/ithelper/package.json
11 error code ENOENT
12 error errno -2
13 error syscall open
14 error enoent ENOENT: no such file or directory, open '/Users/michielbarnaart/Desktop/ithelper/package.json'
15 error enoent ENOENT: no such file or directory, open '/Users/michielbarnaart/Desktop/ithelper/package.json'
15 error enoent This is most likely not a problem with npm itself
15 error enoent and is related to npm not being able to find a file.
16 verbose exit [ -2, true ]
>>>>>>> ab9cc31ffc9c4ad74c6d7704610db5b17fe0bf4d
